c:\users\6454\downloads\project1\project1\debug\vc120.pdb
c:\users\6454\downloads\project1\project1\debug\vc120.idb
c:\users\6454\downloads\project1\project1\debug\main.obj
c:\users\6454\downloads\project1\project1\debug\menu.obj
c:\users\6454\downloads\project1\debug\project1.ilk
c:\users\6454\downloads\project1\debug\project1.exe
c:\users\6454\downloads\project1\debug\project1.pdb
c:\users\matthew\documents\visual studio 2017\project1\project1\debug\main.obj
c:\users\matthew\documents\visual studio 2017\project1\project1\debug\menu.obj
c:\users\matthew\documents\visual studio 2017\project1\project1\debug\vc120.idb
c:\users\matthew\documents\visual studio 2017\project1\project1\debug\vc120.pdb
c:\users\matthew\documents\visual studio 2017\project1\debug\project1.pdb
c:\users\matthew\documents\visual studio 2017\project1\debug\project1.exe
c:\users\matthew\documents\visual studio 2017\project1\debug\project1.ilk
c:\users\matthew\documents\visual studio 2017\project1\project1\debug\project1.tlog\cl.command.1.tlog
c:\users\matthew\documents\visual studio 2017\project1\project1\debug\project1.tlog\cl.read.1.tlog
c:\users\matthew\documents\visual studio 2017\project1\project1\debug\project1.tlog\cl.write.1.tlog
c:\users\matthew\documents\visual studio 2017\project1\project1\debug\project1.tlog\link.command.1.tlog
c:\users\matthew\documents\visual studio 2017\project1\project1\debug\project1.tlog\link.read.1.tlog
c:\users\matthew\documents\visual studio 2017\project1\project1\debug\project1.tlog\link.write.1.tlog
